build/app/intermediates/manifest_merge_blame_file/debug/manifest-merger-blame-debug-report.txt
1<?xml version="1.0" encoding="utf-8"?>
2<manifest xmlns:android="http://schemas.android.com/apk/res/android"
3    package="com.app.thought_factory.shop_owner"
4    android:versionCode="7"
5    android:versionName="1.0.6" >
6
7    <uses-sdk
8        android:minSdkVersion="21"
9        android:targetSdkVersion="29" />
10    <!--
11         Flutter needs it to communicate with the running application
12         to allow setting breakpoints, to provide hot reload, etc.
13    -->
14    <uses-permission android:name="android.permission.INTERNET" />
14-->src/main/AndroidManifest.xml:5:5-67
14-->src/main/AndroidManifest.xml:5:22-64
15    <uses-permission android:name="android.permission.REQUEST_INSTALL_PACKAGES" />
15-->src/main/AndroidManifest.xml:6:5-83
15-->src/main/AndroidManifest.xml:6:22-80
16    <uses-permission android:name="android.permission.ACCESS_FINE_LOCATION" />
16-->src/main/AndroidManifest.xml:7:5-79
16-->src/main/AndroidManifest.xml:7:22-76
17    <uses-permission android:name="android.permission.ACCESS_COARSE_LOCATION" />
17-->src/main/AndroidManifest.xml:8:5-81
17-->src/main/AndroidManifest.xml:8:22-78
18
19    <queries>
19-->[:flutter_inappwebview] AndroidManifest.xml:7:5-11:15
20        <intent>
20-->[:flutter_inappwebview] AndroidManifest.xml:8:9-10:18
21            <action android:name="android.support.customtabs.action.CustomTabsService" />
21-->[:flutter_inappwebview] AndroidManifest.xml:9:13-90
21-->[:flutter_inappwebview] AndroidManifest.xml:9:21-87
22        </intent>
23    </queries>
24
25    <uses-permission android:name="android.permission.ACCESS_NETWORK_STATE" />
25-->[:connectivity] AndroidManifest.xml:7:5-79
25-->[:connectivity] AndroidManifest.xml:7:22-76
26
27    <uses-feature
27-->[com.google.android.gms:play-services-maps:17.0.0] AndroidManifest.xml:26:5-28:35
28        android:glEsVersion="0x00020000"
28-->[com.google.android.gms:play-services-maps:17.0.0] AndroidManifest.xml:27:9-41
29        android:required="true" />
29-->[com.google.android.gms:play-services-maps:17.0.0] AndroidManifest.xml:28:9-32
30
31    <application
31-->src/main/AndroidManifest.xml:9:5-51:19
32        android:appComponentFactory="androidx.core.app.CoreComponentFactory"
32-->[androidx.core:core:1.6.0] AndroidManifest.xml:24:18-86
33        android:debuggable="true"
34        android:icon="@mipmap/launcher_icon"
34-->src/main/AndroidManifest.xml:10:9-45
35        android:label="ebazaar" >
35-->src/main/AndroidManifest.xml:11:9-32
36        <meta-data
36-->src/main/AndroidManifest.xml:12:9-13:70
37            android:name="com.google.android.geo.API_KEY"
37-->src/main/AndroidManifest.xml:12:20-65
38            android:value="AIzaSyDiI5EXleWEpxCkjSjJrFzYs38KK6sYcaw" />
38-->src/main/AndroidManifest.xml:13:13-68
39
40        <activity
40-->src/main/AndroidManifest.xml:14:9-15:56
41            android:name="com.app.thought_factory.shop_owner.PaymentApiCallingActivity"
41-->src/main/AndroidManifest.xml:14:19-60
42            android:theme="@style/PaymentScreenTheme" />
42-->src/main/AndroidManifest.xml:15:13-54
43        <activity
43-->src/main/AndroidManifest.xml:17:9-50:20
44            android:name="com.app.thought_factory.shop_owner.MainActivity"
44-->src/main/AndroidManifest.xml:18:13-41
45            android:configChanges="orientation|keyboardHidden|keyboard|screenSize|locale|layoutDirection|fontScale|screenLayout|density|uiMode"
45-->src/main/AndroidManifest.xml:19:13-144
46            android:hardwareAccelerated="true"
46-->src/main/AndroidManifest.xml:20:13-47
47            android:launchMode="singleTop"
47-->src/main/AndroidManifest.xml:21:13-43
48            android:theme="@style/LaunchTheme"
48-->src/main/AndroidManifest.xml:22:13-47
49            android:windowSoftInputMode="adjustResize" >
49-->src/main/AndroidManifest.xml:23:13-55
50
51            <!--
52                 This keeps the window background of the activity showing
53                 until Flutter renders its first frame. It can be removed if
54                 there is no splash screen (such as the default splash screen
55                 defined in @style/LaunchTheme).
56            -->
57            <!--
58                <meta-data
59                android:name="io.flutter.app.android.SplashScreenUntilFirstFrame"
60                android:value="true" />
61            -->
62            <meta-data
62-->src/main/AndroidManifest.xml:36:13-38:57
63                android:name="io.flutter.embedding.android.NormalTheme"
63-->src/main/AndroidManifest.xml:37:17-72
64                android:resource="@style/NormalTheme" />
64-->src/main/AndroidManifest.xml:38:17-54
65            <meta-data
65-->src/main/AndroidManifest.xml:39:13-41:66
66                android:name="io.flutter.embedding.android.SplashScreenDrawable"
66-->src/main/AndroidManifest.xml:40:17-81
67                android:resource="@drawable/launch_background" />
67-->src/main/AndroidManifest.xml:41:17-63
68
69            <intent-filter>
69-->src/main/AndroidManifest.xml:43:13-46:29
70                <action android:name="android.intent.action.MAIN" />
70-->src/main/AndroidManifest.xml:44:17-69
70-->src/main/AndroidManifest.xml:44:25-66
71
72                <category android:name="android.intent.category.LAUNCHER" />
72-->src/main/AndroidManifest.xml:45:17-77
72-->src/main/AndroidManifest.xml:45:27-74
73            </intent-filter>
74
75            <meta-data
75-->src/main/AndroidManifest.xml:47:13-49:37
76                android:name="flutterEmbedding"
76-->src/main/AndroidManifest.xml:48:17-48
77                android:value="2" />
77-->src/main/AndroidManifest.xml:49:17-34
78        </activity>
79
80        <provider
80-->[:image_picker] AndroidManifest.xml:8:9-16:20
81            android:name="io.flutter.plugins.imagepicker.ImagePickerFileProvider"
81-->[:image_picker] AndroidManifest.xml:9:13-82
82            android:authorities="com.app.thought_factory.shop_owner.flutter.image_provider"
82-->[:image_picker] AndroidManifest.xml:10:13-74
83            android:exported="false"
83-->[:image_picker] AndroidManifest.xml:11:13-37
84            android:grantUriPermissions="true" >
84-->[:image_picker] AndroidManifest.xml:12:13-47
85            <meta-data
85-->[:image_picker] AndroidManifest.xml:13:13-15:75
86                android:name="android.support.FILE_PROVIDER_PATHS"
86-->[:image_picker] AndroidManifest.xml:14:17-67
87                android:resource="@xml/flutter_image_picker_file_paths" />
87-->[:image_picker] AndroidManifest.xml:15:17-72
88        </provider>
89
90        <activity
90-->[:url_launcher_android] AndroidManifest.xml:8:9-11:74
91            android:name="io.flutter.plugins.urllauncher.WebViewActivity"
91-->[:url_launcher_android] AndroidManifest.xml:9:13-74
92            android:exported="false"
92-->[:url_launcher_android] AndroidManifest.xml:10:13-37
93            android:theme="@android:style/Theme.NoTitleBar.Fullscreen" />
93-->[:url_launcher_android] AndroidManifest.xml:11:13-71
94
95        <receiver
95-->[:sms_otp_auto_verify] AndroidManifest.xml:8:9-16:20
96            android:name="com.oohyugi.sms_otp_auto_verify.SmsBroadcastReceiver"
96-->[:sms_otp_auto_verify] AndroidManifest.xml:9:13-80
97            android:enabled="true"
97-->[:sms_otp_auto_verify] AndroidManifest.xml:10:13-35
98            android:exported="true"
98-->[:sms_otp_auto_verify] AndroidManifest.xml:11:13-36
99            android:permission="com.google.android.gms.auth.api.phone.permission.SEND" >
99-->[:sms_otp_auto_verify] AndroidManifest.xml:12:13-87
100            <intent-filter>
100-->[:sms_otp_auto_verify] AndroidManifest.xml:13:13-15:29
101                <action android:name="com.google.android.gms.auth.api.phone.SMS_RETRIEVED" />
101-->[:sms_otp_auto_verify] AndroidManifest.xml:14:17-94
101-->[:sms_otp_auto_verify] AndroidManifest.xml:14:25-91
102            </intent-filter>
103        </receiver>
104
105        <activity
105-->[:flutter_inappwebview] AndroidManifest.xml:14:9-17:47
106            android:name="com.pichillilorenzo.flutter_inappwebview.in_app_browser.InAppBrowserActivity"
106-->[:flutter_inappwebview] AndroidManifest.xml:15:13-104
107            android:configChanges="orientation|keyboardHidden|keyboard|screenSize|locale|layoutDirection|fontScale|screenLayout|density"
107-->[:flutter_inappwebview] AndroidManifest.xml:16:13-137
108            android:theme="@style/AppTheme" />
108-->[:flutter_inappwebview] AndroidManifest.xml:17:13-44
109        <activity
109-->[:flutter_inappwebview] AndroidManifest.xml:18:9-20:55
110            android:name="com.pichillilorenzo.flutter_inappwebview.chrome_custom_tabs.ChromeCustomTabsActivity"
110-->[:flutter_inappwebview] AndroidManifest.xml:19:13-112
111            android:theme="@style/ThemeTransparent" />
111-->[:flutter_inappwebview] AndroidManifest.xml:20:13-52
112
113        <receiver android:name="com.pichillilorenzo.flutter_inappwebview.chrome_custom_tabs.ActionBroadcastReceiver" />
113-->[:flutter_inappwebview] AndroidManifest.xml:22:9-120
113-->[:flutter_inappwebview] AndroidManifest.xml:22:19-117
114
115        <meta-data
115-->[:flutter_inappwebview] AndroidManifest.xml:24:9-26:36
116            android:name="io.flutter.embedded_views_preview"
116-->[:flutter_inappwebview] AndroidManifest.xml:25:13-61
117            android:value="true" />
117-->[:flutter_inappwebview] AndroidManifest.xml:26:13-33
118
119        <provider
119-->[:share] AndroidManifest.xml:8:9-16:20
120            android:name="io.flutter.plugins.share.ShareFileProvider"
120-->[:share] AndroidManifest.xml:9:13-70
121            android:authorities="com.app.thought_factory.shop_owner.flutter.share_provider"
121-->[:share] AndroidManifest.xml:10:13-74
122            android:exported="false"
122-->[:share] AndroidManifest.xml:11:13-37
123            android:grantUriPermissions="true" >
123-->[:share] AndroidManifest.xml:12:13-47
124            <meta-data
124-->[:image_picker] AndroidManifest.xml:13:13-15:75
125                android:name="android.support.FILE_PROVIDER_PATHS"
125-->[:image_picker] AndroidManifest.xml:14:17-67
126                android:resource="@xml/flutter_share_file_paths" />
126-->[:image_picker] AndroidManifest.xml:15:17-72
127        </provider>
128
129        <service
129-->[:location] AndroidManifest.xml:11:9-15:56
130            android:name="com.lyokone.location.FlutterLocationService"
130-->[:location] AndroidManifest.xml:12:13-71
131            android:enabled="true"
131-->[:location] AndroidManifest.xml:13:13-35
132            android:exported="false"
132-->[:location] AndroidManifest.xml:14:13-37
133            android:foregroundServiceType="location" />
133-->[:location] AndroidManifest.xml:15:13-53
134
135        <uses-library
135-->[androidx.window:window:1.0.0-beta04] AndroidManifest.xml:25:9-27:40
136            android:name="androidx.window.extensions"
136-->[androidx.window:window:1.0.0-beta04] AndroidManifest.xml:26:13-54
137            android:required="false" />
137-->[androidx.window:window:1.0.0-beta04] AndroidManifest.xml:27:13-37
138        <uses-library
138-->[androidx.window:window:1.0.0-beta04] AndroidManifest.xml:28:9-30:40
139            android:name="androidx.window.sidecar"
139-->[androidx.window:window:1.0.0-beta04] AndroidManifest.xml:29:13-51
140            android:required="false" /> <!-- Needs to be explicitly declared on P+ -->
140-->[androidx.window:window:1.0.0-beta04] AndroidManifest.xml:30:13-37
141        <uses-library
141-->[com.google.android.gms:play-services-maps:17.0.0] AndroidManifest.xml:33:9-35:40
142            android:name="org.apache.http.legacy"
142-->[com.google.android.gms:play-services-maps:17.0.0] AndroidManifest.xml:34:13-50
143            android:required="false" />
143-->[com.google.android.gms:play-services-maps:17.0.0] AndroidManifest.xml:35:13-37
144
145        <activity
145-->[com.google.android.gms:play-services-auth:17.0.0] AndroidManifest.xml:23:9-27:75
146            android:name="com.google.android.gms.auth.api.signin.internal.SignInHubActivity"
146-->[com.google.android.gms:play-services-auth:17.0.0] AndroidManifest.xml:24:13-93
147            android:excludeFromRecents="true"
147-->[com.google.android.gms:play-services-auth:17.0.0] AndroidManifest.xml:25:13-46
148            android:exported="false"
148-->[com.google.android.gms:play-services-auth:17.0.0] AndroidManifest.xml:26:13-37
149            android:theme="@android:style/Theme.Translucent.NoTitleBar" />
149-->[com.google.android.gms:play-services-auth:17.0.0] AndroidManifest.xml:27:13-72
150        <!--
151            Service handling Google Sign-In user revocation. For apps that do not integrate with
152            Google Sign-In, this service will never be started.
153        -->
154        <service
154-->[com.google.android.gms:play-services-auth:17.0.0] AndroidManifest.xml:33:9-36:110
155            android:name="com.google.android.gms.auth.api.signin.RevocationBoundService"
155-->[com.google.android.gms:play-services-auth:17.0.0] AndroidManifest.xml:34:13-89
156            android:exported="true"
156-->[com.google.android.gms:play-services-auth:17.0.0] AndroidManifest.xml:35:13-36
157            android:permission="com.google.android.gms.auth.api.signin.permission.REVOCATION_NOTIFICATION" />
157-->[com.google.android.gms:play-services-auth:17.0.0] AndroidManifest.xml:36:13-107
158
159        <activity
159-->[com.google.android.gms:play-services-base:17.1.0] AndroidManifest.xml:23:9-26:75
160            android:name="com.google.android.gms.common.api.GoogleApiActivity"
160-->[com.google.android.gms:play-services-base:17.1.0] AndroidManifest.xml:24:13-79
161            android:exported="false"
161-->[com.google.android.gms:play-services-base:17.1.0] AndroidManifest.xml:25:13-37
162            android:theme="@android:style/Theme.Translucent.NoTitleBar" />
162-->[com.google.android.gms:play-services-base:17.1.0] AndroidManifest.xml:26:13-72
163
164        <meta-data
164-->[com.google.android.gms:play-services-basement:17.1.0] AndroidManifest.xml:23:9-25:69
165            android:name="com.google.android.gms.version"
165-->[com.google.android.gms:play-services-basement:17.1.0] AndroidManifest.xml:24:13-58
166            android:value="@integer/google_play_services_version" />
166-->[com.google.android.gms:play-services-basement:17.1.0] AndroidManifest.xml:25:13-66
167    </application>
168
169</manifest>